2024-01-03 11:58:35,064  INFO  Watching for file changes with StatReloader

2024-01-03 11:58:49,570  INFO  "GET / HTTP/1.1" 200 564

2024-01-03 11:58:57,407  ERROR  Internal Server Error: /news/
Traceback (most recent call last):
  File "C:\python3.11\Lib\site-packages\django\core\handlers\exception.py", line 55, in inner
    response = get_response(request)
               ^^^^^^^^^^^^^^^^^^^^^
  File "C:\python3.11\Lib\site-packages\django\core\handlers\base.py", line 220, in _get_response
    response = response.render()
               ^^^^^^^^^^^^^^^^^
  File "C:\python3.11\Lib\site-packages\django\template\response.py", line 114, in render
    self.content = self.rendered_content
                   ^^^^^^^^^^^^^^^^^^^^^
  File "C:\python3.11\Lib\site-packages\django\template\response.py", line 90, in rendered_content
    template = self.resolve_template(self.template_name)
               ^^^^^^^^^^^^^^^^^^^^^^^^^^^^^^^^^^^^^^^^^
  File "C:\python3.11\Lib\site-packages\django\template\response.py", line 72, in resolve_template
    return select_template(template, using=self.using)
           ^^^^^^^^^^^^^^^^^^^^^^^^^^^^^^^^^^^^^^^^^^^
  File "C:\python3.11\Lib\site-packages\django\template\loader.py", line 47, in select_template
    raise TemplateDoesNotExist(", ".join(template_name_list), chain=chain)
django.template.exceptions.TemplateDoesNotExist: news/post_list.html
2024-01-03 11:58:57,412  ERROR  "GET /news/ HTTP/1.1" 500 83283

2024-01-03 11:59:28,092  INFO  C:\Users\PC\PycharmProjects\D16\project\news\views.py changed, reloading.

2024-01-03 11:59:29,238  INFO  Watching for file changes with StatReloader

2024-01-03 11:59:36,790  INFO  "GET / HTTP/1.1" 200 564

2024-01-03 11:59:46,943  INFO  "GET /news/ HTTP/1.1" 200 12964

2024-01-03 11:59:49,755  INFO  "GET /categories/ HTTP/1.1" 200 3922

2024-01-03 11:59:52,030  INFO  "GET /news/ HTTP/1.1" 200 12964

2024-01-03 12:10:42,492  INFO  "GET /news/create/ HTTP/1.1" 200 1546

2024-01-03 12:10:48,139  INFO  "POST /news/create/ HTTP/1.1" 302 0

2024-01-03 12:10:48,171  INFO  "GET /news/ HTTP/1.1" 200 12825

2024-01-03 23:17:25,311  INFO  C:\Users\PC\PycharmProjects\D16\project\project\settings.py changed, reloading.

2024-01-03 23:17:27,180  INFO  autoreload  Watching for file changes with StatReloader

2024-01-03 23:21:11,969  INFO  basehttp  "GET /news/create/ HTTP/1.1" 200 1546

2024-01-03 23:21:16,657  INFO  basehttp  "GET /news/ HTTP/1.1" 200 12825

2024-01-03 23:43:29,183  INFO  autoreload  C:\Users\PC\PycharmProjects\D16\project\project\settings.py changed, reloading.

2024-01-08 19:27:49,902  INFO  autoreload  Watching for file changes with StatReloader

2024-01-08 19:37:36,062  INFO  autoreload  C:\Users\PC\PycharmProjects\D16\project\project\settings.py changed, reloading.

2024-01-08 19:37:37,638  INFO  autoreload  Watching for file changes with StatReloader

2024-01-08 19:37:58,844  INFO  autoreload  Watching for file changes with StatReloader

2024-01-08 19:44:45,983  INFO  autoreload  C:\Users\PC\PycharmProjects\D16\project\news\views.py changed, reloading.

2024-01-08 19:44:47,279  INFO  autoreload  Watching for file changes with StatReloader

2024-01-09 16:28:16,792  INFO  autoreload  C:\Users\PC\PycharmProjects\D16\project\project\settings.py changed, reloading.

2024-01-09 16:30:45,078  INFO  autoreload  Watching for file changes with StatReloader

2024-01-09 16:32:32,244  INFO  autoreload  C:\Users\PC\PycharmProjects\D16\project\project\settings.py changed, reloading.

2024-01-09 16:32:33,734  INFO  autoreload  Watching for file changes with StatReloader

2024-01-09 16:42:03,060  INFO  autoreload  C:\Users\PC\PycharmProjects\D16\project\project\settings.py changed, reloading.

2024-01-09 16:42:04,419  INFO  autoreload  Watching for file changes with StatReloader

2024-01-09 16:44:07,739  INFO  autoreload  C:\Users\PC\PycharmProjects\D16\project\project\settings.py changed, reloading.

2024-01-09 16:44:08,973  INFO  autoreload  Watching for file changes with StatReloader

2024-01-09 16:44:32,391  INFO  autoreload  Watching for file changes with StatReloader

2024-01-09 17:24:19,570  INFO  autoreload  C:\Users\PC\PycharmProjects\D16\project\news\views.py changed, reloading.

2024-01-09 17:24:20,890  INFO  autoreload  Watching for file changes with StatReloader

2024-01-11 17:41:57,142  INFO  autoreload  C:\Users\PC\PycharmProjects\D16\project\project\settings.py changed, reloading.

2024-01-11 17:42:00,643  INFO  autoreload  Watching for file changes with StatReloader

2024-01-11 17:45:22,751  INFO  autoreload  C:\Users\PC\PycharmProjects\D16\project\project\settings.py changed, reloading.

2024-01-11 17:45:23,877  INFO  autoreload  Watching for file changes with StatReloader

2024-01-11 17:53:44,454  INFO  autoreload  C:\Users\PC\PycharmProjects\D16\project\project\settings.py changed, reloading.

2024-01-11 17:53:45,458  INFO  autoreload  Watching for file changes with StatReloader

2024-01-11 17:58:02,506  INFO  autoreload  C:\Users\PC\PycharmProjects\D16\project\project\settings.py changed, reloading.

2024-01-11 17:58:03,482  INFO  autoreload  Watching for file changes with StatReloader

2024-01-11 18:01:03,589  INFO  autoreload  C:\Users\PC\PycharmProjects\D16\project\project\settings.py changed, reloading.

2024-01-11 18:01:04,506  INFO  autoreload  Watching for file changes with StatReloader

2024-01-11 18:06:20,170  INFO  autoreload  C:\Users\PC\PycharmProjects\D16\project\project\settings.py changed, reloading.

2024-01-11 18:06:21,154  INFO  autoreload  Watching for file changes with StatReloader

2024-01-11 18:14:26,415  INFO  autoreload  C:\Users\PC\PycharmProjects\D16\project\project\settings.py changed, reloading.

2024-01-11 18:14:27,392  INFO  autoreload  Watching for file changes with StatReloader

2024-01-11 18:21:54,021  INFO  autoreload  C:\Users\PC\PycharmProjects\D16\project\project\settings.py changed, reloading.

INFO  2024-01-13 23:54:24,704  autoreload  Watching for file changes with StatReloader

INFO  2024-01-13 23:54:36,879  basehttp  "GET /news/create/ HTTP/1.1" 200 1546

INFO  2024-01-13 23:54:38,639  basehttp  "GET /news/ HTTP/1.1" 200 12964

INFO  2024-01-13 23:59:33,637  autoreload  C:\Users\PC\PycharmProjects\D16\project\news\views.py changed, reloading.

INFO  2024-01-13 23:59:34,868  autoreload  Watching for file changes with StatReloader

INFO  2024-01-13 23:59:37,637  autoreload  C:\Users\PC\PycharmProjects\D16\project\project\settings.py changed, reloading.

INFO  2024-01-13 23:59:39,136  autoreload  Watching for file changes with StatReloader

ERROR  2024-01-13 23:59:41,369  log  Internal Server Error: /news/
Traceback (most recent call last):
  File "C:\python3.11\Lib\site-packages\django\core\handlers\exception.py", line 55, in inner
    response = get_response(request)
               ^^^^^^^^^^^^^^^^^^^^^
  File "C:\python3.11\Lib\site-packages\django\core\handlers\base.py", line 220, in _get_response
    response = response.render()
               ^^^^^^^^^^^^^^^^^
  File "C:\python3.11\Lib\site-packages\django\template\response.py", line 114, in render
    self.content = self.rendered_content
                   ^^^^^^^^^^^^^^^^^^^^^
  File "C:\python3.11\Lib\site-packages\django\template\response.py", line 90, in rendered_content
    template = self.resolve_template(self.template_name)
               ^^^^^^^^^^^^^^^^^^^^^^^^^^^^^^^^^^^^^^^^^
  File "C:\python3.11\Lib\site-packages\django\template\response.py", line 72, in resolve_template
    return select_template(template, using=self.using)
           ^^^^^^^^^^^^^^^^^^^^^^^^^^^^^^^^^^^^^^^^^^^
  File "C:\python3.11\Lib\site-packages\django\template\loader.py", line 47, in select_template
    raise TemplateDoesNotExist(", ".join(template_name_list), chain=chain)
django.template.exceptions.TemplateDoesNotExist: news/post_list.html
ERROR  2024-01-13 23:59:41,369  basehttp  "GET /news/ HTTP/1.1" 500 85521

INFO  2024-01-14 00:10:52,239  autoreload  C:\Users\PC\PycharmProjects\D16\project\project\settings.py changed, reloading.

INFO  2024-01-14 00:10:53,512  autoreload  Watching for file changes with StatReloader

INFO  2024-01-14 00:14:57,486  autoreload  C:\Users\PC\PycharmProjects\D16\project\project\settings.py changed, reloading.

INFO  2024-01-14 00:24:27,957  autoreload  Watching for file changes with StatReloader

INFO  2024-01-14 00:24:32,609  basehttp  "GET /news/create/ HTTP/1.1" 200 1546

INFO  2024-01-14 00:24:35,075  basehttp  "GET /news/ HTTP/1.1" 200 12964

INFO  2024-01-15 20:48:45,195  autoreload  C:\Users\PC\PycharmProjects\D16\project\project\settings.py changed, reloading.

INFO  2024-01-15 20:49:08,703  autoreload  Watching for file changes with StatReloader

INFO  2024-01-15 20:49:39,947  autoreload  C:\Users\PC\PycharmProjects\D16\project\project\settings.py changed, reloading.

INFO  2024-01-15 20:49:40,915  autoreload  Watching for file changes with StatReloader

INFO  2024-01-15 20:57:50,841  autoreload  C:\Users\PC\PycharmProjects\D16\project\project\settings.py changed, reloading.

INFO  2024-01-15 20:57:52,236  autoreload  Watching for file changes with StatReloader

INFO  2024-01-15 21:11:57,148  autoreload  C:\Users\PC\PycharmProjects\D16\project\project\settings.py changed, reloading.

INFO  2024-01-15 21:11:58,120  autoreload  Watching for file changes with StatReloader

INFO  2024-01-15 21:12:55,326  autoreload  C:\Users\PC\PycharmProjects\D16\project\project\settings.py changed, reloading.

INFO  2024-01-15 21:12:56,264  autoreload  Watching for file changes with StatReloader

INFO  2024-01-16 15:57:45,961  autoreload  Watching for file changes with StatReloader

INFO  2024-01-16 16:03:21,032  autoreload  C:\Users\PC\PycharmProjects\D16\project\project\settings.py changed, reloading.

INFO  2024-01-16 16:03:22,063  autoreload  Watching for file changes with StatReloader

INFO  2024-01-16 16:17:01,079  autoreload  C:\Users\PC\PycharmProjects\D16\project\project\settings.py changed, reloading.

INFO  2024-01-16 16:17:02,012  autoreload  Watching for file changes with StatReloader

INFO  2024-01-16 16:25:01,586  autoreload  Watching for file changes with StatReloader

INFO  2024-01-16 16:26:45,980  autoreload  C:\Users\PC\PycharmProjects\D16\project\project\settings.py changed, reloading.

INFO  2024-01-16 16:26:47,088  autoreload  Watching for file changes with StatReloader

INFO  2024-01-16 16:28:12,383  autoreload  C:\Users\PC\PycharmProjects\D16\project\project\settings.py changed, reloading.

INFO  2024-01-16 16:28:13,360  autoreload  Watching for file changes with StatReloader

INFO  2024-01-16 16:28:30,289  autoreload  C:\Users\PC\PycharmProjects\D16\project\project\settings.py changed, reloading.

INFO  2024-01-16 16:28:31,201  autoreload  Watching for file changes with StatReloader

INFO  2024-01-16 16:34:04,741  autoreload  C:\Users\PC\PycharmProjects\D16\project\project\settings.py changed, reloading.

INFO  2024-01-16 16:34:05,622  autoreload  Watching for file changes with StatReloader

INFO  2024-01-16 17:01:52,632  autoreload  C:\Users\PC\PycharmProjects\D16\project\project\settings.py changed, reloading.

INFO  2024-01-16 17:01:53,610  autoreload  Watching for file changes with StatReloader

INFO  2024-01-16 18:09:39,694  autoreload  C:\Users\PC\PycharmProjects\D16\project\project\settings.py changed, reloading.

INFO  2024-01-16 18:09:41,755  autoreload  Watching for file changes with StatReloader

INFO  2024-01-16 18:18:33,378  autoreload  C:\Users\PC\PycharmProjects\D16\project\project\settings.py changed, reloading.

INFO  2024-01-16 18:18:34,322  autoreload  Watching for file changes with StatReloader

INFO  2024-01-16 18:26:48,696  autoreload  C:\Users\PC\PycharmProjects\D16\project\project\settings.py changed, reloading.

INFO  2024-01-17 00:01:06,983  autoreload  Watching for file changes with StatReloader

INFO  2024-01-17 00:06:47,918  autoreload  C:\Users\PC\PycharmProjects\D16\project\project\settings.py changed, reloading.

INFO  2024-01-17 00:06:48,795  autoreload  Watching for file changes with StatReloader

INFO  2024-01-17 00:08:45,675  autoreload  C:\Users\PC\PycharmProjects\D16\project\project\settings.py changed, reloading.

INFO  2024-01-17 00:11:57,492  autoreload  Watching for file changes with StatReloader

INFO  2024-01-17 00:13:05,866  autoreload  C:\Users\PC\PycharmProjects\D16\project\news\views.py changed, reloading.

INFO  2024-01-17 00:13:06,860  autoreload  Watching for file changes with StatReloader

INFO  2024-01-17 00:15:24,470  autoreload  C:\Users\PC\PycharmProjects\D16\project\news\views.py changed, reloading.

INFO  2024-01-17 00:15:25,387  autoreload  Watching for file changes with StatReloader

